  MyForm.cpp
c:\users\sebastian\desktop\gitproyect\criptomonedaizicoin\criptomonedaizicoin\Sha256.h(60): warning C4018: '<': no coinciden signed/unsigned
c:\users\sebastian\desktop\gitproyect\criptomonedaizicoin\criptomonedaizicoin\Sha256.h(60): warning C4244: '+=': conversión de 'double' a 'int'; posible pérdida de datos
c:\users\sebastian\desktop\gitproyect\criptomonedaizicoin\criptomonedaizicoin\Sha256.h(90): warning C4018: '<': no coinciden signed/unsigned
c:\users\sebastian\desktop\gitproyect\criptomonedaizicoin\criptomonedaizicoin\Sha256.h(106): warning C4244: 'argumento': conversión de 'unsigned __int64' a 'uint32_t'; posible pérdida de datos
c:\users\sebastian\desktop\gitproyect\criptomonedaizicoin\criptomonedaizicoin\Sha256.h(109): warning C4244: 'argumento': conversión de 'llu' a 'uint32_t'; posible pérdida de datos
c:\users\sebastian\desktop\gitproyect\criptomonedaizicoin\criptomonedaizicoin\Sha256.h(109): warning C4244: 'argumento': conversión de 'unsigned __int64' a 'uint32_t'; posible pérdida de datos
c:\users\sebastian\desktop\gitproyect\criptomonedaizicoin\criptomonedaizicoin\Sha256.h(110): warning C4244: 'argumento': conversión de 'llu' a 'uint32_t'; posible pérdida de datos
c:\users\sebastian\desktop\gitproyect\criptomonedaizicoin\criptomonedaizicoin\Sha256.h(115): warning C4244: 'argumento': conversión de 'llu' a 'uint32_t'; posible pérdida de datos
c:\users\sebastian\desktop\gitproyect\criptomonedaizicoin\criptomonedaizicoin\Sha256.h(119): warning C4244: 'argumento': conversión de 'llu' a 'uint32_t'; posible pérdida de datos
c:\users\sebastian\desktop\gitproyect\criptomonedaizicoin\criptomonedaizicoin\Sha256.h(121): warning C4244: 'argumento': conversión de 'llu' a 'uint32_t'; posible pérdida de datos
c:\users\sebastian\desktop\gitproyect\criptomonedaizicoin\criptomonedaizicoin\Sha256.h(122): warning C4244: 'argumento': conversión de 'llu' a 'uint32_t'; posible pérdida de datos
c:\users\sebastian\desktop\gitproyect\criptomonedaizicoin\criptomonedaizicoin\Sha256.h(123): warning C4244: 'argumento': conversión de 'llu' a 'uint32_t'; posible pérdida de datos
c:\users\sebastian\desktop\gitproyect\criptomonedaizicoin\criptomonedaizicoin\Sha256.h(124): warning C4244: 'argumento': conversión de 'llu' a 'uint32_t'; posible pérdida de datos
c:\users\sebastian\desktop\gitproyect\criptomonedaizicoin\criptomonedaizicoin\Sha256.h(125): warning C4244: 'argumento': conversión de 'llu' a 'uint32_t'; posible pérdida de datos
c:\users\sebastian\desktop\gitproyect\criptomonedaizicoin\criptomonedaizicoin\Sha256.h(126): warning C4244: 'argumento': conversión de 'llu' a 'uint32_t'; posible pérdida de datos
c:\users\sebastian\desktop\gitproyect\criptomonedaizicoin\criptomonedaizicoin\Sha256.h(127): warning C4244: 'argumento': conversión de 'llu' a 'uint32_t'; posible pérdida de datos
c:\users\sebastian\desktop\gitproyect\criptomonedaizicoin\criptomonedaizicoin\Sha256.h(128): warning C4244: 'argumento': conversión de 'llu' a 'uint32_t'; posible pérdida de datos
c:\users\sebastian\desktop\gitproyect\criptomonedaizicoin\criptomonedaizicoin\RedUsuarios.h(19): warning C4018: '<': no coinciden signed/unsigned
c:\users\sebastian\desktop\gitproyect\criptomonedaizicoin\criptomonedaizicoin\IniciadorDeSesion.h(4): warning C4018: '<': no coinciden signed/unsigned
c:\users\sebastian\desktop\gitproyect\criptomonedaizicoin\criptomonedaizicoin\IniciadorDeSesion.h(13): warning C4018: '<': no coinciden signed/unsigned
  TranferenciasPanel.cpp
c:\users\sebastian\desktop\gitproyect\criptomonedaizicoin\criptomonedaizicoin\TranferenciasPanel.h(20): error C2143: error de sintaxis: falta ';' delante de '*'
c:\users\sebastian\desktop\gitproyect\criptomonedaizicoin\criptomonedaizicoin\TranferenciasPanel.h(20): error C4430: falta el especificador de tipo; se presupone int. Nota: C++ no admite default-int
c:\users\sebastian\desktop\gitproyect\criptomonedaizicoin\criptomonedaizicoin\TranferenciasPanel.h(20): error C2238: símbolos (token) inesperados delante de ';'
  Generando código...
c:\users\sebastian\desktop\gitproyect\criptomonedaizicoin\criptomonedaizicoin\iniciadordesesion.h(9): warning C4715: 'ConectarConRed': no todas las rutas de acceso de control devuelven un valor
